[debug] [2025-09-04T10:41:43.395Z] ----------------------------------------------------------------------
[debug] [2025-09-04T10:41:43.399Z] Command:       C:\Program Files\nodejs\node.exe C:\Users\JiBeh\AppData\Roaming\npm\node_modules\firebase-tools\lib\bin\firebase.js init
[debug] [2025-09-04T10:41:43.399Z] CLI Version:   14.15.2
[debug] [2025-09-04T10:41:43.399Z] Platform:      win32
[debug] [2025-09-04T10:41:43.399Z] Node Version:  v22.17.0
[debug] [2025-09-04T10:41:43.400Z] Time:          Thu Sep 04 2025 18:41:43 GMT+0800 (China Standard Time)
[debug] [2025-09-04T10:41:43.400Z] ----------------------------------------------------------------------
[debug] 
[debug] [2025-09-04T10:41:43.728Z] > command requires scopes: ["email","openid","https://www.googleapis.com/auth/cloudplatformprojects.readonly","https://www.googleapis.com/auth/firebase","https://www.googleapis.com/auth/cloud-platform"]
[debug] [2025-09-04T10:41:43.729Z] > authorizing via signed-in user (rhowierealica@gmail.com)
[info] 
     ######## #### ########  ######## ########     ###     ######  ########
     ##        ##  ##     ## ##       ##     ##  ##   ##  ##       ##
     ######    ##  ########  ######   ########  #########  ######  ######
     ##        ##  ##    ##  ##       ##     ## ##     ##       ## ##
     ##       #### ##     ## ######## ########  ##     ##  ######  ########

You're about to initialize a Firebase project in this directory:

  C:\Users\JiBeh\OneDrive\Desktop\CafeAmoreSite

Before we get started, keep in mind:

  * You are initializing within an existing Firebase project directory

[info] 
=== Project Setup
[info] 
[info] First, let's associate this project directory with a Firebase project.
[info] You can create multiple project aliases by running firebase use --add, 
[info] but for now we'll just set up a default project.
[info] 
[debug] [2025-09-04T10:42:01.640Z] Using project from CLI flag: cafeamore-7f222
[debug] [2025-09-04T10:42:01.641Z] Checked if tokens are valid: true, expires at: 1756984241561
[debug] [2025-09-04T10:42:01.642Z] Checked if tokens are valid: true, expires at: 1756984241561
[debug] [2025-09-04T10:42:01.644Z] >>> [apiv2][query] GET https://firebase.googleapis.com/v1beta1/projects/cafeamore-7f222 [none]
[debug] [2025-09-04T10:42:02.036Z] <<< [apiv2][status] GET https://firebase.googleapis.com/v1beta1/projects/cafeamore-7f222 200
[debug] [2025-09-04T10:42:02.036Z] <<< [apiv2][body] GET https://firebase.googleapis.com/v1beta1/projects/cafeamore-7f222 {"projectId":"cafeamore-7f222","projectNumber":"1017215131164","displayName":"CafeAmore","name":"projects/cafeamore-7f222","resources":{"hostingSite":"cafeamore-7f222"},"state":"ACTIVE","etag":"1_25713883-dc1a-4a53-9873-5c3ff0a48f5c"}
[info] i  Using project cafeamore-7f222 (CafeAmore) 
[info] 
=== Hosting Setup
[debug] [2025-09-04T10:42:02.138Z] Checked if tokens are valid: true, expires at: 1756984241561
[debug] [2025-09-04T10:42:02.138Z] Checked if tokens are valid: true, expires at: 1756984241561
[debug] [2025-09-04T10:42:02.139Z] >>> [apiv2][query] GET https://firebase.googleapis.com/v1beta1/projects/cafeamore-7f222 [none]
[debug] [2025-09-04T10:42:02.402Z] <<< [apiv2][status] GET https://firebase.googleapis.com/v1beta1/projects/cafeamore-7f222 200
[debug] [2025-09-04T10:42:02.402Z] <<< [apiv2][body] GET https://firebase.googleapis.com/v1beta1/projects/cafeamore-7f222 {"projectId":"cafeamore-7f222","projectNumber":"1017215131164","displayName":"CafeAmore","name":"projects/cafeamore-7f222","resources":{"hostingSite":"cafeamore-7f222"},"state":"ACTIVE","etag":"1_25713883-dc1a-4a53-9873-5c3ff0a48f5c"}
[info] 
[info] Your public directory is the folder (relative to your project directory) that
[info] will contain Hosting assets to be uploaded with firebase deploy. If you
[info] have a build process for your assets, use your build's output directory.
[info] 
